<?xml version="1.0" encoding="UTF-8"?>
<coverage generated="1666906040301" clover="3.2.0">
  <project timestamp="1666906040301" name="All files">
    <metrics statements="36" coveredstatements="36" conditionals="15" coveredconditionals="15" methods="3" coveredmethods="3" elements="54" coveredelements="54" complexity="0" loc="36" ncloc="36" packages="1" files="1" classes="1"/>
    <file name="fizzbuzz.js" path="/home/Paula/Desktop/FizzBuzz/fizzbuzz.js">
      <metrics statements="36" coveredstatements="36" conditionals="15" coveredconditionals="15" methods="3" coveredmethods="3"/>
      <line num="1" count="24" type="cond" truecount="1" falsecount="0"/>
      <line num="2" count="24" type="stmt"/>
      <line num="3" count="24" type="cond" truecount="1" falsecount="0"/>
      <line num="4" count="24" type="stmt"/>
      <line num="5" count="24" type="cond" truecount="1" falsecount="0"/>
      <line num="6" count="1" type="stmt"/>
      <line num="7" count="1" type="cond" truecount="1" falsecount="0"/>
      <line num="8" count="23" type="stmt"/>
      <line num="9" count="24" type="cond" truecount="1" falsecount="0"/>
      <line num="10" count="1" type="stmt"/>
      <line num="11" count="1" type="cond" truecount="1" falsecount="0"/>
      <line num="12" count="22" type="stmt"/>
      <line num="13" count="24" type="cond" truecount="2" falsecount="0"/>
      <line num="14" count="2" type="stmt"/>
      <line num="15" count="2" type="cond" truecount="1" falsecount="0"/>
      <line num="16" count="20" type="stmt"/>
      <line num="17" count="24" type="cond" truecount="1" falsecount="0"/>
      <line num="18" count="6" type="stmt"/>
      <line num="19" count="6" type="cond" truecount="1" falsecount="0"/>
      <line num="20" count="14" type="stmt"/>
      <line num="21" count="24" type="cond" truecount="1" falsecount="0"/>
      <line num="22" count="4" type="stmt"/>
      <line num="23" count="4" type="cond" truecount="1" falsecount="0"/>
      <line num="24" count="10" type="stmt"/>
      <line num="25" count="10" type="stmt"/>
      <line num="26" count="10" type="stmt"/>
      <line num="27" count="1" type="stmt"/>
      <line num="28" count="1" type="cond" truecount="1" falsecount="0"/>
      <line num="29" count="1" type="cond" truecount="1" falsecount="0"/>
      <line num="30" count="17" type="stmt"/>
      <line num="31" count="17" type="stmt"/>
      <line num="32" count="1" type="stmt"/>
      <line num="33" count="1" type="stmt"/>
      <line num="34" count="1" type="stmt"/>
      <line num="35" count="1" type="stmt"/>
      <line num="36" count="1" type="stmt"/>
    </file>
  </project>
</coverage>
