{"/home/Paula/Desktop/FizzBuzz/fizzbuzz.js": {"path":"/home/Paula/Desktop/FizzBuzz/fizzbuzz.js","all":false,"statementMap":{"0":{"start":{"line":1,"column":0},"end":{"line":1,"column":23}},"1":{"start":{"line":2,"column":0},"end":{"line":2,"column":0}},"2":{"start":{"line":3,"column":0},"end":{"line":3,"column":60}},"3":{"start":{"line":4,"column":0},"end":{"line":4,"column":0}},"4":{"start":{"line":5,"column":0},"end":{"line":5,"column":34}},"5":{"start":{"line":6,"column":0},"end":{"line":6,"column":53}},"6":{"start":{"line":7,"column":0},"end":{"line":7,"column":5}},"7":{"start":{"line":8,"column":0},"end":{"line":8,"column":0}},"8":{"start":{"line":9,"column":0},"end":{"line":9,"column":20}},"9":{"start":{"line":10,"column":0},"end":{"line":10,"column":19}},"10":{"start":{"line":11,"column":0},"end":{"line":11,"column":5}},"11":{"start":{"line":12,"column":0},"end":{"line":12,"column":0}},"12":{"start":{"line":13,"column":0},"end":{"line":13,"column":49}},"13":{"start":{"line":14,"column":0},"end":{"line":14,"column":25}},"14":{"start":{"line":15,"column":0},"end":{"line":15,"column":5}},"15":{"start":{"line":16,"column":0},"end":{"line":16,"column":0}},"16":{"start":{"line":17,"column":0},"end":{"line":17,"column":28}},"17":{"start":{"line":18,"column":0},"end":{"line":18,"column":22}},"18":{"start":{"line":19,"column":0},"end":{"line":19,"column":5}},"19":{"start":{"line":20,"column":0},"end":{"line":20,"column":0}},"20":{"start":{"line":21,"column":0},"end":{"line":21,"column":28}},"21":{"start":{"line":22,"column":0},"end":{"line":22,"column":22}},"22":{"start":{"line":23,"column":0},"end":{"line":23,"column":5}},"23":{"start":{"line":24,"column":0},"end":{"line":24,"column":0}},"24":{"start":{"line":25,"column":0},"end":{"line":25,"column":15}},"25":{"start":{"line":26,"column":0},"end":{"line":26,"column":1}},"26":{"start":{"line":27,"column":0},"end":{"line":27,"column":0}},"27":{"start":{"line":28,"column":0},"end":{"line":28,"column":21}},"28":{"start":{"line":29,"column":0},"end":{"line":29,"column":34}},"29":{"start":{"line":30,"column":0},"end":{"line":30,"column":43}},"30":{"start":{"line":31,"column":0},"end":{"line":31,"column":5}},"31":{"start":{"line":32,"column":0},"end":{"line":32,"column":1}},"32":{"start":{"line":33,"column":0},"end":{"line":33,"column":0}},"33":{"start":{"line":34,"column":0},"end":{"line":34,"column":10}},"34":{"start":{"line":35,"column":0},"end":{"line":35,"column":0}},"35":{"start":{"line":36,"column":0},"end":{"line":36,"column":25}}},"s":{"0":24,"1":24,"2":24,"3":24,"4":24,"5":1,"6":1,"7":23,"8":24,"9":1,"10":1,"11":22,"12":24,"13":2,"14":2,"15":20,"16":24,"17":6,"18":6,"19":14,"20":24,"21":4,"22":4,"23":10,"24":10,"25":10,"26":1,"27":1,"28":1,"29":17,"30":17,"31":1,"32":1,"33":1,"34":1,"35":1},"branchMap":{"0":{"type":"branch","line":1,"loc":{"start":{"line":1,"column":0},"end":{"line":26,"column":1}},"locations":[{"start":{"line":1,"column":0},"end":{"line":26,"column":1}}]},"1":{"type":"branch","line":5,"loc":{"start":{"line":5,"column":33},"end":{"line":7,"column":5}},"locations":[{"start":{"line":5,"column":33},"end":{"line":7,"column":5}}]},"2":{"type":"branch","line":7,"loc":{"start":{"line":7,"column":4},"end":{"line":9,"column":19}},"locations":[{"start":{"line":7,"column":4},"end":{"line":9,"column":19}}]},"3":{"type":"branch","line":9,"loc":{"start":{"line":9,"column":19},"end":{"line":11,"column":5}},"locations":[{"start":{"line":9,"column":19},"end":{"line":11,"column":5}}]},"4":{"type":"branch","line":11,"loc":{"start":{"line":11,"column":4},"end":{"line":13,"column":29}},"locations":[{"start":{"line":11,"column":4},"end":{"line":13,"column":29}}]},"5":{"type":"branch","line":13,"loc":{"start":{"line":13,"column":25},"end":{"line":13,"column":46}},"locations":[{"start":{"line":13,"column":25},"end":{"line":13,"column":46}}]},"6":{"type":"branch","line":13,"loc":{"start":{"line":13,"column":48},"end":{"line":15,"column":5}},"locations":[{"start":{"line":13,"column":48},"end":{"line":15,"column":5}}]},"7":{"type":"branch","line":15,"loc":{"start":{"line":15,"column":4},"end":{"line":17,"column":27}},"locations":[{"start":{"line":15,"column":4},"end":{"line":17,"column":27}}]},"8":{"type":"branch","line":17,"loc":{"start":{"line":17,"column":27},"end":{"line":19,"column":5}},"locations":[{"start":{"line":17,"column":27},"end":{"line":19,"column":5}}]},"9":{"type":"branch","line":19,"loc":{"start":{"line":19,"column":4},"end":{"line":21,"column":27}},"locations":[{"start":{"line":19,"column":4},"end":{"line":21,"column":27}}]},"10":{"type":"branch","line":21,"loc":{"start":{"line":21,"column":27},"end":{"line":23,"column":5}},"locations":[{"start":{"line":21,"column":27},"end":{"line":23,"column":5}}]},"11":{"type":"branch","line":23,"loc":{"start":{"line":23,"column":4},"end":{"line":26,"column":1}},"locations":[{"start":{"line":23,"column":4},"end":{"line":26,"column":1}}]},"12":{"type":"branch","line":3,"loc":{"start":{"line":3,"column":22},"end":{"line":3,"column":59}},"locations":[{"start":{"line":3,"column":22},"end":{"line":3,"column":59}}]},"13":{"type":"branch","line":28,"loc":{"start":{"line":28,"column":0},"end":{"line":32,"column":1}},"locations":[{"start":{"line":28,"column":0},"end":{"line":32,"column":1}}]},"14":{"type":"branch","line":29,"loc":{"start":{"line":29,"column":33},"end":{"line":31,"column":5}},"locations":[{"start":{"line":29,"column":33},"end":{"line":31,"column":5}}]}},"b":{"0":[24],"1":[1],"2":[23],"3":[1],"4":[22],"5":[8],"6":[2],"7":[20],"8":[6],"9":[14],"10":[4],"11":[10],"12":[64],"13":[1],"14":[17]},"fnMap":{"0":{"name":"fizzbuzz","decl":{"start":{"line":1,"column":0},"end":{"line":26,"column":1}},"loc":{"start":{"line":1,"column":0},"end":{"line":26,"column":1}},"line":1},"1":{"name":"divisible","decl":{"start":{"line":3,"column":22},"end":{"line":3,"column":59}},"loc":{"start":{"line":3,"column":22},"end":{"line":3,"column":59}},"line":3},"2":{"name":"print","decl":{"start":{"line":28,"column":0},"end":{"line":32,"column":1}},"loc":{"start":{"line":28,"column":0},"end":{"line":32,"column":1}},"line":28}},"f":{"0":24,"1":64,"2":1}}
}
