TN:
SF:fizzbuzz.js
FN:1,fizzbuzz
FN:3,divisible
FN:28,print
FNF:3
FNH:3
FNDA:24,fizzbuzz
FNDA:64,divisible
FNDA:1,print
DA:1,24
DA:2,24
DA:3,24
DA:4,24
DA:5,24
DA:6,1
DA:7,1
DA:8,23
DA:9,24
DA:10,1
DA:11,1
DA:12,22
DA:13,24
DA:14,2
DA:15,2
DA:16,20
DA:17,24
DA:18,6
DA:19,6
DA:20,14
DA:21,24
DA:22,4
DA:23,4
DA:24,10
DA:25,10
DA:26,10
DA:27,1
DA:28,1
DA:29,1
DA:30,17
DA:31,17
DA:32,1
DA:33,1
DA:34,1
DA:35,1
DA:36,1
LF:36
LH:36
BRDA:1,0,0,24
BRDA:5,1,0,1
BRDA:7,2,0,23
BRDA:9,3,0,1
BRDA:11,4,0,22
BRDA:13,5,0,8
BRDA:13,6,0,2
BRDA:15,7,0,20
BRDA:17,8,0,6
BRDA:19,9,0,14
BRDA:21,10,0,4
BRDA:23,11,0,10
BRDA:3,12,0,64
BRDA:28,13,0,1
BRDA:29,14,0,17
BRF:15
BRH:15
end_of_record
